2024-04-26 10:46:39.463 | INFO     | __main__:main:98 - Loaded data with 8597 rows and 618 columns.
2024-04-26 10:48:20.251 | INFO     | __main__:main:98 - Loaded data with 8597 rows and 618 columns.
2024-04-26 10:48:39.345 | WARNING  | __main__:main:104 - Standardization failed for 379 SMILeS.
2024-04-26 10:48:39.346 | WARNING  | __main__:main:107 - Dropping rows with failed standardization.
2024-04-26 10:48:39.366 | INFO     | __main__:main:114 - Found 617 endpoints.
2024-04-26 10:49:35.318 | INFO     | __main__:main:154 - 
label                                 0   1  total
endpoint                                          
TOX21_AutoFluor_HEK293_Media_blue  7089  50   7139
TOX21_AutoFluor_HEPG2_Cell_blue    7090  49   7139
TOX21_AutoFluor_HEPG2_Media_blue   7092  47   7139
TOX21_AutoFluor_HEPG2_Cell_green   7118  20   7138
TOX21_PPARg_BLA_Agonist_ch1        7121  17   7138
...                                 ...  ..    ...
NVS_ADME_rCYP2C12                    21  31     52
NCCT_TPO_GUA_dn                      22  30     52
NVS_GPCR_rV1                         21  29     50
NVS_GPCR_bDR_NonSelective            22  27     49
NVS_LGIC_hNNR_NBungSens              21  26     47

[617 rows x 3 columns]
2024-04-26 11:21:13.222 | INFO     | __main__:main:98 - Loaded data with 8597 rows and 618 columns.
2024-04-26 11:21:33.482 | WARNING  | __main__:main:104 - Standardization failed for 379 SMILeS.
2024-04-26 11:21:33.483 | WARNING  | __main__:main:107 - Dropping rows with failed standardization.
2024-04-26 11:21:33.500 | INFO     | __main__:main:114 - Found 617 endpoints.
2024-04-26 11:22:30.567 | INFO     | __main__:main:154 - 
label                                 0   1  total
endpoint                                          
TOX21_AutoFluor_HEK293_Media_blue  7089  50   7139
TOX21_AutoFluor_HEPG2_Cell_blue    7090  49   7139
TOX21_AutoFluor_HEPG2_Media_blue   7092  47   7139
TOX21_AutoFluor_HEPG2_Cell_green   7118  20   7138
TOX21_PPARg_BLA_Agonist_ch1        7121  17   7138
...                                 ...  ..    ...
NVS_ADME_rCYP2C12                    21  31     52
NCCT_TPO_GUA_dn                      22  30     52
NVS_GPCR_rV1                         21  29     50
NVS_GPCR_bDR_NonSelective            22  27     49
NVS_LGIC_hNNR_NBungSens              21  26     47

[617 rows x 3 columns]
